<?xml version="1.0" encoding="UTF-8"?>
<!-- Generated by org.testng.reporters.JUnitXMLReporter -->
<testsuite ignored="1" hostname="DESKTOP-J6JH1AJ" failures="0" tests="2" name="Test" time="0.292" errors="0" timestamp="2023-08-31T16:29:40 IST">
  <testcase classname="Groups_g.Groups1" name="test1" time="0.039"/>
  <testcase classname="Groups_g.Groups1" name="test3" time="0.006"/>
  <testcase classname="Groups_g.Groups1" name="test2" time="0.0">
    <ignored/>
  </testcase> <!-- test2 -->
</testsuite> <!-- Test -->
